<?xml version="1.0" encoding="UTF-8"?>
<!-- Generated by org.testng.reporters.JUnitReportReporter -->
<testsuite hostname="win10" name="selenium_API.Topic_02_Exercise2" tests="1" failures="0" timestamp="4 Oct 2018 09:42:51 GMT" time="14.305" errors="0">
  <testcase name="TC_05_Create_an_account" time="14.305" classname="selenium_API.Topic_02_Exercise2"/>
</testsuite> <!-- selenium_API.Topic_02_Exercise2 -->
