<?xml version="1.0" encoding="UTF-8"?>
<!-- Generated by org.testng.reporters.JUnitReportReporter -->
<testsuite hostname="win10" name="selenium_API.Topic_01_SetUpEnvironment" tests="1" failures="0" timestamp="17 Sep 2018 09:35:09 GMT" time="2.593" errors="0">
  <testcase name="TC_01_CheckBrowser" time="2.593" classname="selenium_API.Topic_01_SetUpEnvironment"/>
</testsuite> <!-- selenium_API.Topic_01_SetUpEnvironment -->
