<?xml version="1.0" encoding="UTF-8"?>
<!-- Generated by org.testng.reporters.JUnitReportReporter -->
<testsuite hostname="win10" name="selenium_API.Topic_02_XPath_CSS" tests="1" failures="0" timestamp="4 Oct 2018 02:52:13 GMT" time="99.412" errors="0">
  <testcase name="TC_01_XPath" time="99.412" classname="selenium_API.Topic_02_XPath_CSS"/>
</testsuite> <!-- selenium_API.Topic_02_XPath_CSS -->
